生成启动时间为 2019/4/7 22:04:50。
     1>项目“C:\Users\86181\Desktop\大小写转换\大小写转换\大小写转换.vcxproj”在节点 2 上(build 个目标)。
     1>InitializeBuildStatus:
         正在创建“Debug\大小写转换.unsuccessfulbuild”，因为已指定“AlwaysCreate”。
       ClCompile:
         所有输出均为最新。
       ManifestResourceCompile:
         C:\Program Files (x86)\Microsoft SDKs\Windows\v7.0A\bin\rc.exe /nologo /fo"Debug\大小写转换.exe.embed.manifest.res" "Debug\大小写转换_manifest.rc" 
       Link:
         e:\v2010\VC\bin\link.exe /ERRORREPORT:PROMPT /OUT:"C:\Users\86181\Desktop\大小写转换\Debug\大小写转换.exe" /INCREMENTAL /NOLOGO kernel32.lib user32.lib gdi32.lib winspool.lib comdlg32.lib advapi32.lib shell32.lib ole32.lib oleaut32.lib uuid.lib odbc32.lib odbccp32.lib /MANIFEST /ManifestFile:"Debug\大小写转换.exe.intermediate.manifest" /MANIFESTUAC:"level='asInvoker' uiAccess='false'" /DEBUG /PDB:"C:\Users\86181\Desktop\大小写转换\Debug\大小写转换.pdb" /SUBSYSTEM:CONSOLE /TLBID:1 /DYNAMICBASE /NXCOMPAT /IMPLIB:"C:\Users\86181\Desktop\大小写转换\Debug\大小写转换.lib" /MACHINE:X86 "Debug\大小写转换.exe.embed.manifest.res"
         Debug\1.obj
       Manifest:
         C:\Program Files (x86)\Microsoft SDKs\Windows\v7.0A\bin\mt.exe /nologo /verbose /out:"Debug\大小写转换.exe.embed.manifest" /manifest "Debug\大小写转换.exe.intermediate.manifest"
         C:\Program Files (x86)\Microsoft SDKs\Windows\v7.0A\bin\rc.exe /nologo /fo"Debug\大小写转换.exe.embed.manifest.res" "Debug\大小写转换_manifest.rc" 
       LinkEmbedManifest:
         e:\v2010\VC\bin\link.exe /ERRORREPORT:PROMPT /OUT:"C:\Users\86181\Desktop\大小写转换\Debug\大小写转换.exe" /INCREMENTAL /NOLOGO kernel32.lib user32.lib gdi32.lib winspool.lib comdlg32.lib advapi32.lib shell32.lib ole32.lib oleaut32.lib uuid.lib odbc32.lib odbccp32.lib /MANIFEST /ManifestFile:"Debug\大小写转换.exe.intermediate.manifest" /MANIFESTUAC:"level='asInvoker' uiAccess='false'" /DEBUG /PDB:"C:\Users\86181\Desktop\大小写转换\Debug\大小写转换.pdb" /SUBSYSTEM:CONSOLE /TLBID:1 /DYNAMICBASE /NXCOMPAT /IMPLIB:"C:\Users\86181\Desktop\大小写转换\Debug\大小写转换.lib" /MACHINE:X86 "Debug\大小写转换.exe.embed.manifest.res"
         Debug\1.obj
         大小写转换.vcxproj -> C:\Users\86181\Desktop\大小写转换\Debug\大小写转换.exe
       FinalizeBuildStatus:
         正在删除文件“Debug\大小写转换.unsuccessfulbuild”。
         正在对“Debug\大小写转换.lastbuildstate”执行 Touch 任务。
     1>已完成生成项目“C:\Users\86181\Desktop\大小写转换\大小写转换\大小写转换.vcxproj”(build 个目标)的操作。

生成成功。

已用时间 00:00:01.19
