生成启动时间为 2019/4/5 17:03:56。
     1>项目“C:\Users\95899\Desktop\换个格式输出整数\换个格式输出整数\换个格式输出整数.vcxproj”在节点 2 上(build 个目标)。
     1>InitializeBuildStatus:
         正在创建“Debug\换个格式输出整数.unsuccessfulbuild”，因为已指定“AlwaysCreate”。
       ClCompile:
         D:\c++\VC\bin\CL.exe /c /ZI /nologo /W3 /WX- /Od /Oy- /D WIN32 /D _DEBUG /D _CONSOLE /D _UNICODE /D UNICODE /Gm /EHsc /RTC1 /MDd /GS /fp:precise /Zc:wchar_t /Zc:forScope /Fo"Debug\\" /Fd"Debug\vc100.pdb" /Gd /TP /analyze- /errorReport:prompt "换个格式输出整数.cpp"
         换个格式输出整数.cpp
     1>c:\users\95899\desktop\换个格式输出整数\换个格式输出整数\换个格式输出整数.cpp(13): warning C4101: “j”: 未引用的局部变量
       ManifestResourceCompile:
         所有输出均为最新。
       Link:
         D:\c++\VC\bin\link.exe /ERRORREPORT:PROMPT /OUT:"C:\Users\95899\Desktop\换个格式输出整数\Debug\换个格式输出整数.exe" /INCREMENTAL /NOLOGO kernel32.lib user32.lib gdi32.lib winspool.lib comdlg32.lib advapi32.lib shell32.lib ole32.lib oleaut32.lib uuid.lib odbc32.lib odbccp32.lib /MANIFEST /ManifestFile:"Debug\换个格式输出整数.exe.intermediate.manifest" /MANIFESTUAC:"level='asInvoker' uiAccess='false'" /DEBUG /PDB:"C:\Users\95899\Desktop\换个格式输出整数\Debug\换个格式输出整数.pdb" /SUBSYSTEM:CONSOLE /TLBID:1 /DYNAMICBASE /NXCOMPAT /IMPLIB:"C:\Users\95899\Desktop\换个格式输出整数\Debug\换个格式输出整数.lib" /MACHINE:X86 "Debug\换个格式输出整数.exe.embed.manifest.res"
         "Debug\换个格式输出整数.obj"
       Manifest:
         C:\Program Files (x86)\Microsoft SDKs\Windows\v7.0A\bin\mt.exe /nologo /verbose /out:"Debug\换个格式输出整数.exe.embed.manifest" /manifest "Debug\换个格式输出整数.exe.intermediate.manifest"
         所有输出均为最新。
       LinkEmbedManifest:
         所有输出均为最新。
         换个格式输出整数.vcxproj -> C:\Users\95899\Desktop\换个格式输出整数\Debug\换个格式输出整数.exe
       FinalizeBuildStatus:
         正在删除文件“Debug\换个格式输出整数.unsuccessfulbuild”。
         正在对“Debug\换个格式输出整数.lastbuildstate”执行 Touch 任务。
     1>已完成生成项目“C:\Users\95899\Desktop\换个格式输出整数\换个格式输出整数\换个格式输出整数.vcxproj”(build 个目标)的操作。

生成成功。

已用时间 00:00:00.71
