生成启动时间为 2019/4/7 15:51:12。
     1>项目“C:\Users\95899\Desktop\统计同成绩学生\统计同成绩学生\统计同成绩学生.vcxproj”在节点 2 上(build 个目标)。
     1>InitializeBuildStatus:
         正在创建“Debug\统计同成绩学生.unsuccessfulbuild”，因为已指定“AlwaysCreate”。
       ClCompile:
         D:\c++\VC\bin\CL.exe /c /ZI /nologo /W3 /WX- /Od /Oy- /D WIN32 /D _DEBUG /D _CONSOLE /D _UNICODE /D UNICODE /Gm /EHsc /RTC1 /MDd /GS /fp:precise /Zc:wchar_t /Zc:forScope /Fo"Debug\\" /Fd"Debug\vc100.pdb" /Gd /TP /analyze- /errorReport:prompt "统计同成绩学生.cpp"
         统计同成绩学生.cpp
       ManifestResourceCompile:
         所有输出均为最新。
       Link:
         D:\c++\VC\bin\link.exe /ERRORREPORT:PROMPT /OUT:"C:\Users\95899\Desktop\统计同成绩学生\Debug\统计同成绩学生.exe" /INCREMENTAL /NOLOGO kernel32.lib user32.lib gdi32.lib winspool.lib comdlg32.lib advapi32.lib shell32.lib ole32.lib oleaut32.lib uuid.lib odbc32.lib odbccp32.lib /MANIFEST /ManifestFile:"Debug\统计同成绩学生.exe.intermediate.manifest" /MANIFESTUAC:"level='asInvoker' uiAccess='false'" /DEBUG /PDB:"C:\Users\95899\Desktop\统计同成绩学生\Debug\统计同成绩学生.pdb" /SUBSYSTEM:CONSOLE /TLBID:1 /DYNAMICBASE /NXCOMPAT /IMPLIB:"C:\Users\95899\Desktop\统计同成绩学生\Debug\统计同成绩学生.lib" /MACHINE:X86 "Debug\统计同成绩学生.exe.embed.manifest.res"
         "Debug\统计同成绩学生.obj"
       Manifest:
         C:\Program Files (x86)\Microsoft SDKs\Windows\v7.0A\bin\mt.exe /nologo /verbose /out:"Debug\统计同成绩学生.exe.embed.manifest" /manifest "Debug\统计同成绩学生.exe.intermediate.manifest"
         所有输出均为最新。
       LinkEmbedManifest:
         所有输出均为最新。
         统计同成绩学生.vcxproj -> C:\Users\95899\Desktop\统计同成绩学生\Debug\统计同成绩学生.exe
       FinalizeBuildStatus:
         正在删除文件“Debug\统计同成绩学生.unsuccessfulbuild”。
         正在对“Debug\统计同成绩学生.lastbuildstate”执行 Touch 任务。
     1>已完成生成项目“C:\Users\95899\Desktop\统计同成绩学生\统计同成绩学生\统计同成绩学生.vcxproj”(build 个目标)的操作。

生成成功。

已用时间 00:00:00.93
