生成启动时间为 2019/4/3 15:54:05。
     1>项目“C:\Users\95899\Desktop\成绩排名.cpp\成绩排名.cpp\成绩排名.cpp.vcxproj”在节点 2 上(build 个目标)。
     1>InitializeBuildStatus:
         正在创建“Debug\成绩排名.cpp.unsuccessfulbuild”，因为已指定“AlwaysCreate”。
       ClCompile:
         D:\c++\VC\bin\CL.exe /c /ZI /nologo /W3 /WX- /Od /Oy- /D WIN32 /D _DEBUG /D _CONSOLE /D _UNICODE /D UNICODE /Gm /EHsc /RTC1 /MDd /GS /fp:precise /Zc:wchar_t /Zc:forScope /Fo"Debug\\" /Fd"Debug\vc100.pdb" /Gd /TP /analyze- /errorReport:prompt "成绩排名.cpp"
         成绩排名.cpp
       ManifestResourceCompile:
         所有输出均为最新。
       Link:
         D:\c++\VC\bin\link.exe /ERRORREPORT:PROMPT /OUT:"C:\Users\95899\Desktop\成绩排名.cpp\Debug\成绩排名.cpp.exe" /INCREMENTAL /NOLOGO kernel32.lib user32.lib gdi32.lib winspool.lib comdlg32.lib advapi32.lib shell32.lib ole32.lib oleaut32.lib uuid.lib odbc32.lib odbccp32.lib /MANIFEST /ManifestFile:"Debug\成绩排名.cpp.exe.intermediate.manifest" /MANIFESTUAC:"level='asInvoker' uiAccess='false'" /DEBUG /PDB:"C:\Users\95899\Desktop\成绩排名.cpp\Debug\成绩排名.cpp.pdb" /SUBSYSTEM:CONSOLE /TLBID:1 /DYNAMICBASE /NXCOMPAT /IMPLIB:"C:\Users\95899\Desktop\成绩排名.cpp\Debug\成绩排名.cpp.lib" /MACHINE:X86 "Debug\成绩排名.cpp.exe.embed.manifest.res"
         "Debug\成绩排名.obj"
       Manifest:
         C:\Program Files (x86)\Microsoft SDKs\Windows\v7.0A\bin\mt.exe /nologo /verbose /out:"Debug\成绩排名.cpp.exe.embed.manifest" /manifest "Debug\成绩排名.cpp.exe.intermediate.manifest"
         所有输出均为最新。
       LinkEmbedManifest:
         所有输出均为最新。
         成绩排名.cpp.vcxproj -> C:\Users\95899\Desktop\成绩排名.cpp\Debug\成绩排名.cpp.exe
       FinalizeBuildStatus:
         正在删除文件“Debug\成绩排名.cpp.unsuccessfulbuild”。
         正在对“Debug\成绩排名.cpp.lastbuildstate”执行 Touch 任务。
     1>已完成生成项目“C:\Users\95899\Desktop\成绩排名.cpp\成绩排名.cpp\成绩排名.cpp.vcxproj”(build 个目标)的操作。

生成成功。

已用时间 00:00:02.14
