E:\实验五\项目四\DEBUG\项目四.EXE
E:\实验五\项目四\DEBUG\项目四.ILK
E:\实验五\项目四\DEBUG\项目四.PDB
E:\实验五\项目四\项目四\Debug\cl.command.1.tlog
E:\实验五\项目四\项目四\Debug\CL.read.1.tlog
E:\实验五\项目四\项目四\Debug\CL.write.1.tlog
E:\实验五\项目四\项目四\Debug\link.13528.read.1.tlog
E:\实验五\项目四\项目四\Debug\link.13528.write.1.tlog
E:\实验五\项目四\项目四\Debug\link.13528-cvtres.read.1.tlog
E:\实验五\项目四\项目四\Debug\link.13528-cvtres.write.1.tlog
E:\实验五\项目四\项目四\Debug\link.command.1.tlog
E:\实验五\项目四\项目四\Debug\link.read.1.tlog
E:\实验五\项目四\项目四\Debug\link.write.1.tlog
E:\实验五\项目四\项目四\Debug\link-cvtres.read.1.tlog
E:\实验五\项目四\项目四\Debug\link-cvtres.write.1.tlog
E:\实验五\项目四\项目四\Debug\mt.command.1.tlog
E:\实验五\项目四\项目四\Debug\mt.read.1.tlog
E:\实验五\项目四\项目四\Debug\mt.write.1.tlog
E:\实验五\项目四\项目四\Debug\rc.command.1.tlog
E:\实验五\项目四\项目四\Debug\rc.read.1.tlog
E:\实验五\项目四\项目四\Debug\rc.write.1.tlog
E:\实验五\项目四\项目四\Debug\vc100.idb
E:\实验五\项目四\项目四\DEBUG\VC100.PDB
E:\实验五\项目四\项目四\DEBUG\项目四.EXE.EMBED.MANIFEST
E:\实验五\项目四\项目四\DEBUG\项目四.EXE.EMBED.MANIFEST.RES
E:\实验五\项目四\项目四\DEBUG\项目四.EXE.INTERMEDIATE.MANIFEST
E:\实验五\项目四\项目四\DEBUG\项目四.OBJ
E:\实验五\项目四\项目四\Debug\项目四.vcxprojResolveAssemblyReference.cache
E:\实验五\项目四\项目四\Debug\项目四.write.1.tlog
E:\实验五\项目四\项目四\Debug\项目四_manifest.rc
