生成启动时间为 2019/4/7 21:59:09。
     1>项目“C:\Users\16370\Desktop\判断闰年\判断闰年\判断闰年.vcxproj”在节点 2 上(rebuild 个目标)。
     1>PrepareForBuild:
         正在创建目录“C:\Users\16370\Desktop\判断闰年\Debug\”。
       InitializeBuildStatus:
         正在创建“Debug\判断闰年.unsuccessfulbuild”，因为已指定“AlwaysCreate”。
       ClCompile:
         d:\新建文件夹\VC\bin\CL.exe /c /ZI /nologo /W3 /WX- /Od /Oy- /D WIN32 /D _DEBUG /D _CONSOLE /D _UNICODE /D UNICODE /Gm /EHsc /RTC1 /MDd /GS /fp:precise /Zc:wchar_t /Zc:forScope /Fo"Debug\\" /Fd"Debug\vc100.pdb" /Gd /TP /analyze- /errorReport:prompt "判断闰年.cpp"
         判断闰年.cpp
       ManifestResourceCompile:
         C:\Program Files (x86)\Microsoft SDKs\Windows\v7.0A\bin\rc.exe /nologo /fo"Debug\判断闰年.exe.embed.manifest.res" "Debug\判断闰年_manifest.rc" 
       Link:
         d:\新建文件夹\VC\bin\link.exe /ERRORREPORT:PROMPT /OUT:"C:\Users\16370\Desktop\判断闰年\Debug\判断闰年.exe" /INCREMENTAL /NOLOGO kernel32.lib user32.lib gdi32.lib winspool.lib comdlg32.lib advapi32.lib shell32.lib ole32.lib oleaut32.lib uuid.lib odbc32.lib odbccp32.lib /MANIFEST /ManifestFile:"Debug\判断闰年.exe.intermediate.manifest" /MANIFESTUAC:"level='asInvoker' uiAccess='false'" /DEBUG /PDB:"C:\Users\16370\Desktop\判断闰年\Debug\判断闰年.pdb" /SUBSYSTEM:CONSOLE /TLBID:1 /DYNAMICBASE /NXCOMPAT /IMPLIB:"C:\Users\16370\Desktop\判断闰年\Debug\判断闰年.lib" /MACHINE:X86 "Debug\判断闰年.exe.embed.manifest.res"
         "Debug\判断闰年.obj"
       Manifest:
         正在删除文件“Debug\判断闰年.exe.embed.manifest”。
         C:\Program Files (x86)\Microsoft SDKs\Windows\v7.0A\bin\mt.exe /nologo /verbose /out:"Debug\判断闰年.exe.embed.manifest" /manifest "Debug\判断闰年.exe.intermediate.manifest"
         C:\Program Files (x86)\Microsoft SDKs\Windows\v7.0A\bin\rc.exe /nologo /fo"Debug\判断闰年.exe.embed.manifest.res" "Debug\判断闰年_manifest.rc" 
       LinkEmbedManifest:
         d:\新建文件夹\VC\bin\link.exe /ERRORREPORT:PROMPT /OUT:"C:\Users\16370\Desktop\判断闰年\Debug\判断闰年.exe" /INCREMENTAL /NOLOGO kernel32.lib user32.lib gdi32.lib winspool.lib comdlg32.lib advapi32.lib shell32.lib ole32.lib oleaut32.lib uuid.lib odbc32.lib odbccp32.lib /MANIFEST /ManifestFile:"Debug\判断闰年.exe.intermediate.manifest" /MANIFESTUAC:"level='asInvoker' uiAccess='false'" /DEBUG /PDB:"C:\Users\16370\Desktop\判断闰年\Debug\判断闰年.pdb" /SUBSYSTEM:CONSOLE /TLBID:1 /DYNAMICBASE /NXCOMPAT /IMPLIB:"C:\Users\16370\Desktop\判断闰年\Debug\判断闰年.lib" /MACHINE:X86 "Debug\判断闰年.exe.embed.manifest.res"
         "Debug\判断闰年.obj"
         判断闰年.vcxproj -> C:\Users\16370\Desktop\判断闰年\Debug\判断闰年.exe
       FinalizeBuildStatus:
         正在删除文件“Debug\判断闰年.unsuccessfulbuild”。
         正在对“Debug\判断闰年.lastbuildstate”执行 Touch 任务。
     1>已完成生成项目“C:\Users\16370\Desktop\判断闰年\判断闰年\判断闰年.vcxproj”(rebuild 个目标)的操作。

生成成功。

已用时间 00:00:02.20
