生成启动时间为 2019/5/23 9:12:46。
     1>项目“D:\c++\a实验\实验室\写出这个数\写出这个数\写出这个数.vcxproj”在节点 2 上(build 个目标)。
     1>PrepareForBuild:
         正在创建目录“D:\c++\a实验\实验室\写出这个数\Debug\”。
       InitializeBuildStatus:
         正在创建“Debug\写出这个数.unsuccessfulbuild”，因为已指定“AlwaysCreate”。
       ClCompile:
         D:\c++\VC\bin\CL.exe /c /ZI /nologo /W3 /WX- /Od /Oy- /D WIN32 /D _DEBUG /D _CONSOLE /D _UNICODE /D UNICODE /Gm /EHsc /RTC1 /MDd /GS /fp:precise /Zc:wchar_t /Zc:forScope /Fo"Debug\\" /Fd"Debug\vc100.pdb" /Gd /TP /analyze- /errorReport:prompt "写出这个数.cpp"
         写出这个数.cpp
       ManifestResourceCompile:
         C:\Program Files (x86)\Microsoft SDKs\Windows\v7.0A\bin\rc.exe /nologo /fo"Debug\写出这个数.exe.embed.manifest.res" "Debug\写出这个数_manifest.rc" 
       Link:
         D:\c++\VC\bin\link.exe /ERRORREPORT:PROMPT /OUT:"D:\c++\a实验\实验室\写出这个数\Debug\写出这个数.exe" /INCREMENTAL /NOLOGO kernel32.lib user32.lib gdi32.lib winspool.lib comdlg32.lib advapi32.lib shell32.lib ole32.lib oleaut32.lib uuid.lib odbc32.lib odbccp32.lib /MANIFEST /ManifestFile:"Debug\写出这个数.exe.intermediate.manifest" /MANIFESTUAC:"level='asInvoker' uiAccess='false'" /DEBUG /PDB:"D:\c++\a实验\实验室\写出这个数\Debug\写出这个数.pdb" /SUBSYSTEM:CONSOLE /TLBID:1 /DYNAMICBASE /NXCOMPAT /IMPLIB:"D:\c++\a实验\实验室\写出这个数\Debug\写出这个数.lib" /MACHINE:X86 "Debug\写出这个数.exe.embed.manifest.res"
         "Debug\写出这个数.obj"
       Manifest:
         C:\Program Files (x86)\Microsoft SDKs\Windows\v7.0A\bin\mt.exe /nologo /verbose /out:"Debug\写出这个数.exe.embed.manifest" /manifest "Debug\写出这个数.exe.intermediate.manifest"
         C:\Program Files (x86)\Microsoft SDKs\Windows\v7.0A\bin\rc.exe /nologo /fo"Debug\写出这个数.exe.embed.manifest.res" "Debug\写出这个数_manifest.rc" 
       LinkEmbedManifest:
         D:\c++\VC\bin\link.exe /ERRORREPORT:PROMPT /OUT:"D:\c++\a实验\实验室\写出这个数\Debug\写出这个数.exe" /INCREMENTAL /NOLOGO kernel32.lib user32.lib gdi32.lib winspool.lib comdlg32.lib advapi32.lib shell32.lib ole32.lib oleaut32.lib uuid.lib odbc32.lib odbccp32.lib /MANIFEST /ManifestFile:"Debug\写出这个数.exe.intermediate.manifest" /MANIFESTUAC:"level='asInvoker' uiAccess='false'" /DEBUG /PDB:"D:\c++\a实验\实验室\写出这个数\Debug\写出这个数.pdb" /SUBSYSTEM:CONSOLE /TLBID:1 /DYNAMICBASE /NXCOMPAT /IMPLIB:"D:\c++\a实验\实验室\写出这个数\Debug\写出这个数.lib" /MACHINE:X86 "Debug\写出这个数.exe.embed.manifest.res"
         "Debug\写出这个数.obj"
         写出这个数.vcxproj -> D:\c++\a实验\实验室\写出这个数\Debug\写出这个数.exe
       FinalizeBuildStatus:
         正在删除文件“Debug\写出这个数.unsuccessfulbuild”。
         正在对“Debug\写出这个数.lastbuildstate”执行 Touch 任务。
     1>已完成生成项目“D:\c++\a实验\实验室\写出这个数\写出这个数\写出这个数.vcxproj”(build 个目标)的操作。

生成成功。

已用时间 00:00:02.64
