生成启动时间为 2019/4/7 21:48:19。
     1>项目“C:\Users\16370\Desktop\连接字符\连接字符\连接字符.vcxproj”在节点 2 上(build 个目标)。
     1>InitializeBuildStatus:
         正在对“Debug\连接字符.unsuccessfulbuild”执行 Touch 任务。
       ClCompile:
         所有输出均为最新。
       ManifestResourceCompile:
         C:\Program Files (x86)\Microsoft SDKs\Windows\v7.0A\bin\rc.exe /nologo /fo"Debug\连接字符.exe.embed.manifest.res" "Debug\连接字符_manifest.rc" 
       Link:
         d:\新建文件夹\VC\bin\link.exe /ERRORREPORT:PROMPT /OUT:"C:\Users\16370\Desktop\连接字符\Debug\连接字符.exe" /INCREMENTAL /NOLOGO kernel32.lib user32.lib gdi32.lib winspool.lib comdlg32.lib advapi32.lib shell32.lib ole32.lib oleaut32.lib uuid.lib odbc32.lib odbccp32.lib /MANIFEST /ManifestFile:"Debug\连接字符.exe.intermediate.manifest" /MANIFESTUAC:"level='asInvoker' uiAccess='false'" /DEBUG /PDB:"C:\Users\16370\Desktop\连接字符\Debug\连接字符.pdb" /SUBSYSTEM:CONSOLE /TLBID:1 /DYNAMICBASE /NXCOMPAT /IMPLIB:"C:\Users\16370\Desktop\连接字符\Debug\连接字符.lib" /MACHINE:X86 "Debug\连接字符.exe.embed.manifest.res"
         "Debug\连接字符.obj"
       Manifest:
         C:\Program Files (x86)\Microsoft SDKs\Windows\v7.0A\bin\mt.exe /nologo /verbose /out:"Debug\连接字符.exe.embed.manifest" /manifest "Debug\连接字符.exe.intermediate.manifest"
         所有输出均为最新。
       LinkEmbedManifest:
         所有输出均为最新。
         连接字符.vcxproj -> C:\Users\16370\Desktop\连接字符\Debug\连接字符.exe
       FinalizeBuildStatus:
         正在删除文件“Debug\连接字符.unsuccessfulbuild”。
         正在对“Debug\连接字符.lastbuildstate”执行 Touch 任务。
     1>已完成生成项目“C:\Users\16370\Desktop\连接字符\连接字符\连接字符.vcxproj”(build 个目标)的操作。

生成成功。

已用时间 00:00:00.97
