生成启动时间为 2019/4/5 16:39:14。
     1>项目“C:\Users\95899\Desktop\数字分类\数字分类\数字分类.vcxproj”在节点 2 上(build 个目标)。
     1>InitializeBuildStatus:
         正在创建“Debug\数字分类.unsuccessfulbuild”，因为已指定“AlwaysCreate”。
       ClCompile:
         D:\c++\VC\bin\CL.exe /c /ZI /nologo /W3 /WX- /Od /Oy- /D WIN32 /D _DEBUG /D _CONSOLE /D _UNICODE /D UNICODE /Gm /EHsc /RTC1 /MDd /GS /fp:precise /Zc:wchar_t /Zc:forScope /Fo"Debug\\" /Fd"Debug\vc100.pdb" /Gd /TP /analyze- /errorReport:prompt "数字分类。cpp.cpp"
         数字分类。cpp.cpp
     1>c:\users\95899\desktop\数字分类\数字分类\数字分类。cpp.cpp(35): warning C4996: 'scanf': This function or variable may be unsafe. Consider using scanf_s instead. To disable deprecation, use _CRT_SECURE_NO_WARNINGS. See online help for details.
                 d:\c++\vc\include\stdio.h(304) : 参见“scanf”的声明
     1>c:\users\95899\desktop\数字分类\数字分类\数字分类。cpp.cpp(11): warning C4101: “realsize”: 未引用的局部变量
       ManifestResourceCompile:
         所有输出均为最新。
       Link:
         D:\c++\VC\bin\link.exe /ERRORREPORT:PROMPT /OUT:"C:\Users\95899\Desktop\数字分类\Debug\数字分类.exe" /INCREMENTAL /NOLOGO kernel32.lib user32.lib gdi32.lib winspool.lib comdlg32.lib advapi32.lib shell32.lib ole32.lib oleaut32.lib uuid.lib odbc32.lib odbccp32.lib /MANIFEST /ManifestFile:"Debug\数字分类.exe.intermediate.manifest" /MANIFESTUAC:"level='asInvoker' uiAccess='false'" /DEBUG /PDB:"C:\Users\95899\Desktop\数字分类\Debug\数字分类.pdb" /SUBSYSTEM:CONSOLE /TLBID:1 /DYNAMICBASE /NXCOMPAT /IMPLIB:"C:\Users\95899\Desktop\数字分类\Debug\数字分类.lib" /MACHINE:X86 "Debug\数字分类.exe.embed.manifest.res"
         "Debug\数字分类。cpp.obj"
       Manifest:
         C:\Program Files (x86)\Microsoft SDKs\Windows\v7.0A\bin\mt.exe /nologo /verbose /out:"Debug\数字分类.exe.embed.manifest" /manifest "Debug\数字分类.exe.intermediate.manifest"
         所有输出均为最新。
       LinkEmbedManifest:
         所有输出均为最新。
         数字分类.vcxproj -> C:\Users\95899\Desktop\数字分类\Debug\数字分类.exe
       FinalizeBuildStatus:
         正在删除文件“Debug\数字分类.unsuccessfulbuild”。
         正在对“Debug\数字分类.lastbuildstate”执行 Touch 任务。
     1>已完成生成项目“C:\Users\95899\Desktop\数字分类\数字分类\数字分类.vcxproj”(build 个目标)的操作。

生成成功。

已用时间 00:00:00.71
