生成启动时间为 2019/4/7 17:41:39。
     1>项目“C:\Users\16370\Desktop\输出1-N\输出1-N\输出1-N.vcxproj”在节点 2 上(build 个目标)。
     1>InitializeBuildStatus:
         正在创建“Debug\输出1-N.unsuccessfulbuild”，因为已指定“AlwaysCreate”。
       ClCompile:
         d:\新建文件夹\VC\bin\CL.exe /c /ZI /nologo /W3 /WX- /Od /Oy- /D WIN32 /D _DEBUG /D _CONSOLE /D _UNICODE /D UNICODE /Gm /EHsc /RTC1 /MDd /GS /fp:precise /Zc:wchar_t /Zc:forScope /Fo"Debug\\" /Fd"Debug\vc100.pdb" /Gd /TP /analyze- /errorReport:prompt "输出1-N.cpp"
         输出1-N.cpp
       ManifestResourceCompile:
         所有输出均为最新。
       Link:
         d:\新建文件夹\VC\bin\link.exe /ERRORREPORT:PROMPT /OUT:"C:\Users\16370\Desktop\输出1-N\Debug\输出1-N.exe" /INCREMENTAL /NOLOGO kernel32.lib user32.lib gdi32.lib winspool.lib comdlg32.lib advapi32.lib shell32.lib ole32.lib oleaut32.lib uuid.lib odbc32.lib odbccp32.lib /MANIFEST /ManifestFile:"Debug\输出1-N.exe.intermediate.manifest" /MANIFESTUAC:"level='asInvoker' uiAccess='false'" /DEBUG /PDB:"C:\Users\16370\Desktop\输出1-N\Debug\输出1-N.pdb" /SUBSYSTEM:CONSOLE /TLBID:1 /DYNAMICBASE /NXCOMPAT /IMPLIB:"C:\Users\16370\Desktop\输出1-N\Debug\输出1-N.lib" /MACHINE:X86 "Debug\输出1-N.exe.embed.manifest.res"
         "Debug\输出1-N.obj"
       Manifest:
         C:\Program Files (x86)\Microsoft SDKs\Windows\v7.0A\bin\mt.exe /nologo /verbose /out:"Debug\输出1-N.exe.embed.manifest" /manifest "Debug\输出1-N.exe.intermediate.manifest"
         所有输出均为最新。
       LinkEmbedManifest:
         所有输出均为最新。
         输出1-N.vcxproj -> C:\Users\16370\Desktop\输出1-N\Debug\输出1-N.exe
       FinalizeBuildStatus:
         正在删除文件“Debug\输出1-N.unsuccessfulbuild”。
         正在对“Debug\输出1-N.lastbuildstate”执行 Touch 任务。
     1>已完成生成项目“C:\Users\16370\Desktop\输出1-N\输出1-N\输出1-N.vcxproj”(build 个目标)的操作。

生成成功。

已用时间 00:00:01.23
