生成启动时间为 2018/11/29 8:58:14。
     1>项目“E:\实验六\第四题\第四题\第四题.vcxproj”在节点 2 上(build 个目标)。
     1>InitializeBuildStatus:
         正在创建“Debug\第四题.unsuccessfulbuild”，因为已指定“AlwaysCreate”。
       ClCompile:
         d:\BaiduNetdiskDownload\VC\bin\CL.exe /c /ZI /nologo /W3 /WX- /Od /Oy- /D WIN32 /D _DEBUG /D _CONSOLE /D _UNICODE /D UNICODE /Gm /EHsc /RTC1 /MDd /GS /fp:precise /Zc:wchar_t /Zc:forScope /Fo"Debug\\" /Fd"Debug\vc100.pdb" /Gd /TP /analyze- /errorReport:prompt "第4题.cpp"
         第4题.cpp
       ManifestResourceCompile:
         所有输出均为最新。
       Link:
         d:\BaiduNetdiskDownload\VC\bin\link.exe /ERRORREPORT:PROMPT /OUT:"E:\实验六\第四题\Debug\第四题.exe" /INCREMENTAL /NOLOGO kernel32.lib user32.lib gdi32.lib winspool.lib comdlg32.lib advapi32.lib shell32.lib ole32.lib oleaut32.lib uuid.lib odbc32.lib odbccp32.lib /MANIFEST /ManifestFile:"Debug\第四题.exe.intermediate.manifest" /MANIFESTUAC:"level='asInvoker' uiAccess='false'" /DEBUG /PDB:"E:\实验六\第四题\Debug\第四题.pdb" /SUBSYSTEM:CONSOLE /TLBID:1 /DYNAMICBASE /NXCOMPAT /IMPLIB:"E:\实验六\第四题\Debug\第四题.lib" /MACHINE:X86 "Debug\第四题.exe.embed.manifest.res"
         "Debug\第4题.obj"
       Manifest:
         C:\Program Files (x86)\Microsoft SDKs\Windows\v7.0A\bin\mt.exe /nologo /verbose /out:"Debug\第四题.exe.embed.manifest" /manifest "Debug\第四题.exe.intermediate.manifest"
         所有输出均为最新。
       LinkEmbedManifest:
         所有输出均为最新。
         第四题.vcxproj -> E:\实验六\第四题\Debug\第四题.exe
       FinalizeBuildStatus:
         正在删除文件“Debug\第四题.unsuccessfulbuild”。
         正在对“Debug\第四题.lastbuildstate”执行 Touch 任务。
     1>已完成生成项目“E:\实验六\第四题\第四题\第四题.vcxproj”(build 个目标)的操作。

生成成功。

已用时间 00:00:05.61
