生成启动时间为 2019/4/7 12:27:59。
     1>项目“C:\Users\95899\Desktop\一元多项式求导\一元多项式求导\一元多项式求导.vcxproj”在节点 2 上(build 个目标)。
     1>InitializeBuildStatus:
         正在创建“Debug\一元多项式求导.unsuccessfulbuild”，因为已指定“AlwaysCreate”。
       ClCompile:
         D:\c++\VC\bin\CL.exe /c /ZI /nologo /W3 /WX- /Od /Oy- /D WIN32 /D _DEBUG /D _CONSOLE /D _UNICODE /D UNICODE /Gm /EHsc /RTC1 /MDd /GS /fp:precise /Zc:wchar_t /Zc:forScope /Fo"Debug\\" /Fd"Debug\vc100.pdb" /Gd /TP /analyze- /errorReport:prompt "一元多项式求导.cpp"
         一元多项式求导.cpp
       ManifestResourceCompile:
         所有输出均为最新。
       Link:
         D:\c++\VC\bin\link.exe /ERRORREPORT:PROMPT /OUT:"C:\Users\95899\Desktop\一元多项式求导\Debug\一元多项式求导.exe" /INCREMENTAL /NOLOGO kernel32.lib user32.lib gdi32.lib winspool.lib comdlg32.lib advapi32.lib shell32.lib ole32.lib oleaut32.lib uuid.lib odbc32.lib odbccp32.lib /MANIFEST /ManifestFile:"Debug\一元多项式求导.exe.intermediate.manifest" /MANIFESTUAC:"level='asInvoker' uiAccess='false'" /DEBUG /PDB:"C:\Users\95899\Desktop\一元多项式求导\Debug\一元多项式求导.pdb" /SUBSYSTEM:CONSOLE /TLBID:1 /DYNAMICBASE /NXCOMPAT /IMPLIB:"C:\Users\95899\Desktop\一元多项式求导\Debug\一元多项式求导.lib" /MACHINE:X86 "Debug\一元多项式求导.exe.embed.manifest.res"
         "Debug\一元多项式求导.obj"
       Manifest:
         C:\Program Files (x86)\Microsoft SDKs\Windows\v7.0A\bin\mt.exe /nologo /verbose /out:"Debug\一元多项式求导.exe.embed.manifest" /manifest "Debug\一元多项式求导.exe.intermediate.manifest"
         所有输出均为最新。
       LinkEmbedManifest:
         所有输出均为最新。
         一元多项式求导.vcxproj -> C:\Users\95899\Desktop\一元多项式求导\Debug\一元多项式求导.exe
       FinalizeBuildStatus:
         正在删除文件“Debug\一元多项式求导.unsuccessfulbuild”。
         正在对“Debug\一元多项式求导.lastbuildstate”执行 Touch 任务。
     1>已完成生成项目“C:\Users\95899\Desktop\一元多项式求导\一元多项式求导\一元多项式求导.vcxproj”(build 个目标)的操作。

生成成功。

已用时间 00:00:00.78
