生成启动时间为 2019/4/7 14:39:03。
     1>项目“F:\作业\编程\跟奥巴马一起编程代码\跟奥巴马一起编程代码\跟奥巴马一起编程代码.vcxproj”在节点 2 上(build 个目标)。
     1>InitializeBuildStatus:
         正在创建“Debug\跟奥巴马一起编程代码.unsuccessfulbuild”，因为已指定“AlwaysCreate”。
       ClCompile:
         F:\迅雷下载\VC\bin\CL.exe /c /ZI /nologo /W3 /WX- /Od /Oy- /D WIN32 /D _DEBUG /D _CONSOLE /D _UNICODE /D UNICODE /Gm /EHsc /RTC1 /MDd /GS /fp:precise /Zc:wchar_t /Zc:forScope /Fo"Debug\\" /Fd"Debug\vc100.pdb" /Gd /TP /analyze- /errorReport:prompt "跟奥巴马一起编程.cpp"
         跟奥巴马一起编程.cpp
       ManifestResourceCompile:
         所有输出均为最新。
       Link:
         F:\迅雷下载\VC\bin\link.exe /ERRORREPORT:PROMPT /OUT:"F:\作业\编程\跟奥巴马一起编程代码\Debug\跟奥巴马一起编程代码.exe" /INCREMENTAL /NOLOGO kernel32.lib user32.lib gdi32.lib winspool.lib comdlg32.lib advapi32.lib shell32.lib ole32.lib oleaut32.lib uuid.lib odbc32.lib odbccp32.lib /MANIFEST /ManifestFile:"Debug\跟奥巴马一起编程代码.exe.intermediate.manifest" /MANIFESTUAC:"level='asInvoker' uiAccess='false'" /DEBUG /PDB:"F:\作业\编程\跟奥巴马一起编程代码\Debug\跟奥巴马一起编程代码.pdb" /SUBSYSTEM:CONSOLE /TLBID:1 /DYNAMICBASE /NXCOMPAT /IMPLIB:"F:\作业\编程\跟奥巴马一起编程代码\Debug\跟奥巴马一起编程代码.lib" /MACHINE:X86 "Debug\跟奥巴马一起编程代码.exe.embed.manifest.res"
         "Debug\跟奥巴马一起编程.obj"
       Manifest:
         C:\Program Files (x86)\Microsoft SDKs\Windows\v7.0A\bin\mt.exe /nologo /verbose /out:"Debug\跟奥巴马一起编程代码.exe.embed.manifest" /manifest "Debug\跟奥巴马一起编程代码.exe.intermediate.manifest"
         所有输出均为最新。
       LinkEmbedManifest:
         所有输出均为最新。
         跟奥巴马一起编程代码.vcxproj -> F:\作业\编程\跟奥巴马一起编程代码\Debug\跟奥巴马一起编程代码.exe
       FinalizeBuildStatus:
         正在删除文件“Debug\跟奥巴马一起编程代码.unsuccessfulbuild”。
         正在对“Debug\跟奥巴马一起编程代码.lastbuildstate”执行 Touch 任务。
     1>已完成生成项目“F:\作业\编程\跟奥巴马一起编程代码\跟奥巴马一起编程代码\跟奥巴马一起编程代码.vcxproj”(build 个目标)的操作。

生成成功。

已用时间 00:00:00.86
