生成启动时间为 2019/4/7 23:05:20。
     1>项目“C:\Users\86181\Desktop\勾股数\勾股数\勾股数.vcxproj”在节点 2 上(build 个目标)。
     1>PrepareForBuild:
         正在创建目录“C:\Users\86181\Desktop\勾股数\Debug\”。
       InitializeBuildStatus:
         正在创建“Debug\勾股数.unsuccessfulbuild”，因为已指定“AlwaysCreate”。
       ClCompile:
         e:\v2010\VC\bin\CL.exe /c /ZI /nologo /W3 /WX- /Od /Oy- /D WIN32 /D _DEBUG /D _CONSOLE /D _UNICODE /D UNICODE /Gm /EHsc /RTC1 /MDd /GS /fp:precise /Zc:wchar_t /Zc:forScope /Fo"Debug\\" /Fd"Debug\vc100.pdb" /Gd /TP /analyze- /errorReport:prompt 10.cpp
         10.cpp
       ManifestResourceCompile:
         C:\Program Files (x86)\Microsoft SDKs\Windows\v7.0A\bin\rc.exe /nologo /fo"Debug\勾股数.exe.embed.manifest.res" "Debug\勾股数_manifest.rc" 
       Link:
         e:\v2010\VC\bin\link.exe /ERRORREPORT:PROMPT /OUT:"C:\Users\86181\Desktop\勾股数\Debug\勾股数.exe" /INCREMENTAL /NOLOGO kernel32.lib user32.lib gdi32.lib winspool.lib comdlg32.lib advapi32.lib shell32.lib ole32.lib oleaut32.lib uuid.lib odbc32.lib odbccp32.lib /MANIFEST /ManifestFile:"Debug\勾股数.exe.intermediate.manifest" /MANIFESTUAC:"level='asInvoker' uiAccess='false'" /DEBUG /PDB:"C:\Users\86181\Desktop\勾股数\Debug\勾股数.pdb" /SUBSYSTEM:CONSOLE /TLBID:1 /DYNAMICBASE /NXCOMPAT /IMPLIB:"C:\Users\86181\Desktop\勾股数\Debug\勾股数.lib" /MACHINE:X86 "Debug\勾股数.exe.embed.manifest.res"
         Debug\10.obj
       Manifest:
         C:\Program Files (x86)\Microsoft SDKs\Windows\v7.0A\bin\mt.exe /nologo /verbose /out:"Debug\勾股数.exe.embed.manifest" /manifest "Debug\勾股数.exe.intermediate.manifest"
         C:\Program Files (x86)\Microsoft SDKs\Windows\v7.0A\bin\rc.exe /nologo /fo"Debug\勾股数.exe.embed.manifest.res" "Debug\勾股数_manifest.rc" 
       LinkEmbedManifest:
         e:\v2010\VC\bin\link.exe /ERRORREPORT:PROMPT /OUT:"C:\Users\86181\Desktop\勾股数\Debug\勾股数.exe" /INCREMENTAL /NOLOGO kernel32.lib user32.lib gdi32.lib winspool.lib comdlg32.lib advapi32.lib shell32.lib ole32.lib oleaut32.lib uuid.lib odbc32.lib odbccp32.lib /MANIFEST /ManifestFile:"Debug\勾股数.exe.intermediate.manifest" /MANIFESTUAC:"level='asInvoker' uiAccess='false'" /DEBUG /PDB:"C:\Users\86181\Desktop\勾股数\Debug\勾股数.pdb" /SUBSYSTEM:CONSOLE /TLBID:1 /DYNAMICBASE /NXCOMPAT /IMPLIB:"C:\Users\86181\Desktop\勾股数\Debug\勾股数.lib" /MACHINE:X86 "Debug\勾股数.exe.embed.manifest.res"
         Debug\10.obj
         勾股数.vcxproj -> C:\Users\86181\Desktop\勾股数\Debug\勾股数.exe
       FinalizeBuildStatus:
         正在删除文件“Debug\勾股数.unsuccessfulbuild”。
         正在对“Debug\勾股数.lastbuildstate”执行 Touch 任务。
     1>已完成生成项目“C:\Users\86181\Desktop\勾股数\勾股数\勾股数.vcxproj”(build 个目标)的操作。

生成成功。

已用时间 00:00:04.98
