生成启动时间为 2019/4/3 17:10:26。
     1>项目“C:\Users\95899\Desktop\A除以B\A除以B\A除以B.vcxproj”在节点 2 上(build 个目标)。
     1>PrepareForBuild:
         正在创建目录“C:\Users\95899\Desktop\A除以B\Debug\”。
       InitializeBuildStatus:
         正在创建“Debug\A除以B.unsuccessfulbuild”，因为已指定“AlwaysCreate”。
       ClCompile:
         D:\c++\VC\bin\CL.exe /c /ZI /nologo /W3 /WX- /Od /Oy- /D WIN32 /D _DEBUG /D _CONSOLE /D _UNICODE /D UNICODE /Gm /EHsc /RTC1 /MDd /GS /fp:precise /Zc:wchar_t /Zc:forScope /Fo"Debug\\" /Fd"Debug\vc100.pdb" /Gd /TP /analyze- /errorReport:prompt "A除以B.cpp"
         A除以B.cpp
       ManifestResourceCompile:
         C:\Program Files (x86)\Microsoft SDKs\Windows\v7.0A\bin\rc.exe /nologo /fo"Debug\A除以B.exe.embed.manifest.res" "Debug\A除以B_manifest.rc" 
       Link:
         D:\c++\VC\bin\link.exe /ERRORREPORT:PROMPT /OUT:"C:\Users\95899\Desktop\A除以B\Debug\A除以B.exe" /INCREMENTAL /NOLOGO kernel32.lib user32.lib gdi32.lib winspool.lib comdlg32.lib advapi32.lib shell32.lib ole32.lib oleaut32.lib uuid.lib odbc32.lib odbccp32.lib /MANIFEST /ManifestFile:"Debug\A除以B.exe.intermediate.manifest" /MANIFESTUAC:"level='asInvoker' uiAccess='false'" /DEBUG /PDB:"C:\Users\95899\Desktop\A除以B\Debug\A除以B.pdb" /SUBSYSTEM:CONSOLE /TLBID:1 /DYNAMICBASE /NXCOMPAT /IMPLIB:"C:\Users\95899\Desktop\A除以B\Debug\A除以B.lib" /MACHINE:X86 "Debug\A除以B.exe.embed.manifest.res"
         "Debug\A除以B.obj"
       Manifest:
         C:\Program Files (x86)\Microsoft SDKs\Windows\v7.0A\bin\mt.exe /nologo /verbose /out:"Debug\A除以B.exe.embed.manifest" /manifest "Debug\A除以B.exe.intermediate.manifest"
         C:\Program Files (x86)\Microsoft SDKs\Windows\v7.0A\bin\rc.exe /nologo /fo"Debug\A除以B.exe.embed.manifest.res" "Debug\A除以B_manifest.rc" 
       LinkEmbedManifest:
         D:\c++\VC\bin\link.exe /ERRORREPORT:PROMPT /OUT:"C:\Users\95899\Desktop\A除以B\Debug\A除以B.exe" /INCREMENTAL /NOLOGO kernel32.lib user32.lib gdi32.lib winspool.lib comdlg32.lib advapi32.lib shell32.lib ole32.lib oleaut32.lib uuid.lib odbc32.lib odbccp32.lib /MANIFEST /ManifestFile:"Debug\A除以B.exe.intermediate.manifest" /MANIFESTUAC:"level='asInvoker' uiAccess='false'" /DEBUG /PDB:"C:\Users\95899\Desktop\A除以B\Debug\A除以B.pdb" /SUBSYSTEM:CONSOLE /TLBID:1 /DYNAMICBASE /NXCOMPAT /IMPLIB:"C:\Users\95899\Desktop\A除以B\Debug\A除以B.lib" /MACHINE:X86 "Debug\A除以B.exe.embed.manifest.res"
         "Debug\A除以B.obj"
         A除以B.vcxproj -> C:\Users\95899\Desktop\A除以B\Debug\A除以B.exe
       FinalizeBuildStatus:
         正在删除文件“Debug\A除以B.unsuccessfulbuild”。
         正在对“Debug\A除以B.lastbuildstate”执行 Touch 任务。
     1>已完成生成项目“C:\Users\95899\Desktop\A除以B\A除以B\A除以B.vcxproj”(build 个目标)的操作。

生成成功。

已用时间 00:00:03.17
