生成启动时间为 2019/4/7 22:44:06。
     1>项目“C:\Users\86181\Desktop\数字翻译\数字翻译\数字翻译.vcxproj”在节点 2 上(build 个目标)。
     1>PrepareForBuild:
         正在创建目录“C:\Users\86181\Desktop\数字翻译\Debug\”。
       InitializeBuildStatus:
         正在创建“Debug\数字翻译.unsuccessfulbuild”，因为已指定“AlwaysCreate”。
       ClCompile:
         e:\v2010\VC\bin\CL.exe /c /ZI /nologo /W3 /WX- /Od /Oy- /D WIN32 /D _DEBUG /D _CONSOLE /D _UNICODE /D UNICODE /Gm /EHsc /RTC1 /MDd /GS /fp:precise /Zc:wchar_t /Zc:forScope /Fo"Debug\\" /Fd"Debug\vc100.pdb" /Gd /TP /analyze- /errorReport:prompt 5.cpp
         5.cpp
       ManifestResourceCompile:
         C:\Program Files (x86)\Microsoft SDKs\Windows\v7.0A\bin\rc.exe /nologo /fo"Debug\数字翻译.exe.embed.manifest.res" "Debug\数字翻译_manifest.rc" 
       Link:
         e:\v2010\VC\bin\link.exe /ERRORREPORT:PROMPT /OUT:"C:\Users\86181\Desktop\数字翻译\Debug\数字翻译.exe" /INCREMENTAL /NOLOGO kernel32.lib user32.lib gdi32.lib winspool.lib comdlg32.lib advapi32.lib shell32.lib ole32.lib oleaut32.lib uuid.lib odbc32.lib odbccp32.lib /MANIFEST /ManifestFile:"Debug\数字翻译.exe.intermediate.manifest" /MANIFESTUAC:"level='asInvoker' uiAccess='false'" /DEBUG /PDB:"C:\Users\86181\Desktop\数字翻译\Debug\数字翻译.pdb" /SUBSYSTEM:CONSOLE /TLBID:1 /DYNAMICBASE /NXCOMPAT /IMPLIB:"C:\Users\86181\Desktop\数字翻译\Debug\数字翻译.lib" /MACHINE:X86 "Debug\数字翻译.exe.embed.manifest.res"
         Debug\5.obj
       Manifest:
         C:\Program Files (x86)\Microsoft SDKs\Windows\v7.0A\bin\mt.exe /nologo /verbose /out:"Debug\数字翻译.exe.embed.manifest" /manifest "Debug\数字翻译.exe.intermediate.manifest"
         C:\Program Files (x86)\Microsoft SDKs\Windows\v7.0A\bin\rc.exe /nologo /fo"Debug\数字翻译.exe.embed.manifest.res" "Debug\数字翻译_manifest.rc" 
       LinkEmbedManifest:
         e:\v2010\VC\bin\link.exe /ERRORREPORT:PROMPT /OUT:"C:\Users\86181\Desktop\数字翻译\Debug\数字翻译.exe" /INCREMENTAL /NOLOGO kernel32.lib user32.lib gdi32.lib winspool.lib comdlg32.lib advapi32.lib shell32.lib ole32.lib oleaut32.lib uuid.lib odbc32.lib odbccp32.lib /MANIFEST /ManifestFile:"Debug\数字翻译.exe.intermediate.manifest" /MANIFESTUAC:"level='asInvoker' uiAccess='false'" /DEBUG /PDB:"C:\Users\86181\Desktop\数字翻译\Debug\数字翻译.pdb" /SUBSYSTEM:CONSOLE /TLBID:1 /DYNAMICBASE /NXCOMPAT /IMPLIB:"C:\Users\86181\Desktop\数字翻译\Debug\数字翻译.lib" /MACHINE:X86 "Debug\数字翻译.exe.embed.manifest.res"
         Debug\5.obj
         数字翻译.vcxproj -> C:\Users\86181\Desktop\数字翻译\Debug\数字翻译.exe
       FinalizeBuildStatus:
         正在删除文件“Debug\数字翻译.unsuccessfulbuild”。
         正在对“Debug\数字翻译.lastbuildstate”执行 Touch 任务。
     1>已完成生成项目“C:\Users\86181\Desktop\数字翻译\数字翻译\数字翻译.vcxproj”(build 个目标)的操作。

生成成功。

已用时间 00:00:01.88
